05.12.2024 17:11:20.580
Ping to google.com was succesful.
Address 142.251.36.78
Ping (response time) 82 ms
TTL: 117

05.12.2024 17:11:21.720
Ping to google.com was succesful.
Address 142.251.36.78
Ping (response time) 77 ms
TTL: 117

05.12.2024 17:11:22.820
Ping to google.com was succesful.
Address 142.251.36.78
Ping (response time) 78 ms
TTL: 117

05.12.2024 17:11:23.909
Ping to google.com was succesful.
Address 142.251.36.78
Ping (response time) 75 ms
TTL: 117

05.12.2024 17:11:25.001
Ping to google.com was succesful.
Address 142.251.36.78
Ping (response time) 74 ms
TTL: 117

05.12.2024 17:11:30.763
Ping to google.com was succesful.
Address 142.251.36.78
Ping (response time) 132 ms
TTL: 117

05.12.2024 17:11:31.884
Ping to google.com was succesful.
Address 142.251.36.78
Ping (response time) 106 ms
TTL: 117

05.12.2024 17:11:32.963
Ping to google.com was succesful.
Address 142.251.36.78
Ping (response time) 59 ms
TTL: 117

05.12.2024 17:11:34.126
Ping to google.com was succesful.
Address 142.251.36.78
Ping (response time) 153 ms
TTL: 117

05.12.2024 17:11:35.208
Ping to google.com was succesful.
Address 142.251.36.78
Ping (response time) 61 ms
TTL: 117

05.12.2024 17:11:36.329
Ping to google.com was succesful.
Address 142.251.36.78
Ping (response time) 98 ms
TTL: 117

05.12.2024 17:11:37.724
Ping to google.com was succesful.
Address 142.251.36.78
Ping (response time) 376 ms
TTL: 117

