Test
05.10.2024 15:19:55
Ping na google.com byl úspěšný.
Adresa: 142.251.36.78
Doba odezvy: 1 ms
TTL: 116

05.10.2024 15:19:56
Ping na google.com byl úspěšný.
Adresa: 142.251.36.78
Doba odezvy: 1 ms
TTL: 116

05.10.2024 15:19:57
Ping na google.com byl úspěšný.
Adresa: 142.251.36.78
Doba odezvy: 1 ms
TTL: 116

05.10.2024 15:19:58
Ping na google.com byl úspěšný.
Adresa: 142.251.36.78
Doba odezvy: 1 ms
TTL: 116

05.10.2024 15:19:59
Ping na google.com byl úspěšný.
Adresa: 142.251.36.78
Doba odezvy: 1 ms
TTL: 116

05.10.2024 15:20:00
Ping na google.com byl úspěšný.
Adresa: 142.251.36.78
Doba odezvy: 1 ms
TTL: 116

Test
05.10.2024 15:23:30.885
Ping na google.com byl úspěšný.
Adresa: 142.251.36.78
Doba odezvy: 1 ms
TTL: 116

05.10.2024 15:23:31.903
Ping na google.com byl úspěšný.
Adresa: 142.251.36.78
Doba odezvy: 1 ms
TTL: 116

05.10.2024 15:23:32.909
Ping na google.com byl úspěšný.
Adresa: 142.251.36.78
Doba odezvy: 1 ms
TTL: 116

05.10.2024 15:23:33.916
Ping na google.com byl úspěšný.
Adresa: 142.251.36.78
Doba odezvy: 1 ms
TTL: 116

05.10.2024 15:23:34.922
Ping na google.com byl úspěšný.
Adresa: 142.251.36.78
Doba odezvy: 1 ms
TTL: 116

Test
05.10.2024 15:23:57.550
Ping na google.com byl úspěšný.
Adresa: 142.251.36.78
Doba odezvy: 1 ms
TTL: 116

05.10.2024 15:23:58.564
Ping na google.com byl úspěšný.
Adresa: 142.251.36.78
Doba odezvy: 1 ms
TTL: 116

05.10.2024 15:23:59.574
Ping na google.com byl úspěšný.
Adresa: 142.251.36.78
Doba odezvy: 1 ms
TTL: 116

05.10.2024 15:24:00.583
Ping na google.com byl úspěšný.
Adresa: 142.251.36.78
Doba odezvy: 2 ms
TTL: 116

05.10.2024 15:24:01.597
Ping na google.com byl úspěšný.
Adresa: 142.251.36.78
Doba odezvy: 1 ms
TTL: 116

05.10.2024 15:24:02.606
Ping na google.com byl úspěšný.
Adresa: 142.251.36.78
Doba odezvy: 1 ms
TTL: 116

05.10.2024 15:24:03.619
Ping na google.com byl úspěšný.
Adresa: 142.251.36.78
Doba odezvy: 1 ms
TTL: 116

05.10.2024 15:24:04.638
Ping na google.com byl úspěšný.
Adresa: 142.251.36.78
Doba odezvy: 1 ms
TTL: 116

Test
05.10.2024 15:24:08.335
Ping na google.com byl úspěšný.
Adresa: 142.251.36.78
Doba odezvy: 1 ms
TTL: 116

05.10.2024 15:24:09.342
Ping na google.com byl úspěšný.
Adresa: 142.251.36.78
Doba odezvy: 1 ms
TTL: 116

05.10.2024 15:24:10.362
Ping na google.com byl úspěšný.
Adresa: 142.251.36.78
Doba odezvy: 1 ms
TTL: 116

05.10.2024 15:24:11.380
Ping na google.com byl úspěšný.
Adresa: 142.251.36.78
Doba odezvy: 1 ms
TTL: 116

05.10.2024 15:24:12.399
Ping na google.com byl úspěšný.
Adresa: 142.251.36.78
Doba odezvy: 1 ms
TTL: 116

05.10.2024 15:24:13.412
Ping na google.com byl úspěšný.
Adresa: 142.251.36.78
Doba odezvy: 1 ms
TTL: 116

05.10.2024 15:24:14.429
Ping na google.com byl úspěšný.
Adresa: 142.251.36.78
Doba odezvy: 1 ms
TTL: 116

05.10.2024 15:24:15.445
Ping na google.com byl úspěšný.
Adresa: 142.251.36.78
Doba odezvy: 1 ms
TTL: 116

05.10.2024 15:24:16.470
Ping na google.com byl úspěšný.
Adresa: 142.251.36.78
Doba odezvy: 1 ms
TTL: 116

05.10.2024 15:24:17.482
Ping na google.com byl úspěšný.
Adresa: 142.251.36.78
Doba odezvy: 1 ms
TTL: 116

Test
05.10.2024 15:24:20.874
Ping na google.com byl úspěšný.
Adresa: 142.251.36.78
Doba odezvy: 1 ms
TTL: 116

05.10.2024 15:24:21.890
Ping na google.com byl úspěšný.
Adresa: 142.251.36.78
Doba odezvy: 1 ms
TTL: 116

05.10.2024 15:24:22.902
Ping na google.com byl úspěšný.
Adresa: 142.251.36.78
Doba odezvy: 5 ms
TTL: 116

05.10.2024 15:24:23.907
Ping na google.com byl úspěšný.
Adresa: 142.251.36.78
Doba odezvy: 1 ms
TTL: 116

05.10.2024 15:24:24.914
Ping na google.com byl úspěšný.
Adresa: 142.251.36.78
Doba odezvy: 1 ms
TTL: 116

05.10.2024 15:24:25.930
Ping na google.com byl úspěšný.
Adresa: 142.251.36.78
Doba odezvy: 1 ms
TTL: 116

05.10.2024 15:24:26.951
Ping na google.com byl úspěšný.
Adresa: 142.251.36.78
Doba odezvy: 9 ms
TTL: 116

05.10.2024 15:24:27.957
Ping na google.com byl úspěšný.
Adresa: 142.251.36.78
Doba odezvy: 1 ms
TTL: 116

05.10.2024 15:24:28.980
Ping na google.com byl úspěšný.
Adresa: 142.251.36.78
Doba odezvy: 19 ms
TTL: 116

05.10.2024 15:24:29.987
Ping na google.com byl úspěšný.
Adresa: 142.251.36.78
Doba odezvy: 1 ms
TTL: 116

05.10.2024 15:24:30.996
Ping na google.com byl úspěšný.
Adresa: 142.251.36.78
Doba odezvy: 1 ms
TTL: 116

Test
Test
Test
05.10.2024 15:24:51.635
Ping na google.com byl úspěšný.
Adresa: 142.251.36.78
Doba odezvy: 1 ms
TTL: 116

05.10.2024 15:24:52.655
Ping na google.com byl úspěšný.
Adresa: 142.251.36.78
Doba odezvy: 1 ms
TTL: 116

05.10.2024 15:24:53.661
Ping na google.com byl úspěšný.
Adresa: 142.251.36.78
Doba odezvy: 3 ms
TTL: 116

05.10.2024 15:24:54.685
Ping na google.com byl úspěšný.
Adresa: 142.251.36.78
Doba odezvy: 11 ms
TTL: 116

Test
Test
05.10.2024 15:25:04.760
Ping na google.com byl úspěšný.
Adresa: 142.251.36.78
Doba odezvy: 1 ms
TTL: 116

05.10.2024 15:25:05.771
Ping na google.com byl úspěšný.
Adresa: 142.251.36.78
Doba odezvy: 2 ms
TTL: 116

05.10.2024 15:25:06.778
Ping na google.com byl úspěšný.
Adresa: 142.251.36.78
Doba odezvy: 1 ms
TTL: 116

05.10.2024 15:25:07.784
Ping na google.com byl úspěšný.
Adresa: 142.251.36.78
Doba odezvy: 1 ms
TTL: 116

05.10.2024 15:25:08.804
Ping na google.com byl úspěšný.
Adresa: 142.251.36.78
Doba odezvy: 1 ms
TTL: 116

05.10.2024 15:25:09.821
Ping na google.com byl úspěšný.
Adresa: 142.251.36.78
Doba odezvy: 3 ms
TTL: 116

05.10.2024 15:25:10.844
Ping na google.com byl úspěšný.
Adresa: 142.251.36.78
Doba odezvy: 11 ms
TTL: 116

05.10.2024 15:25:11.849
Ping na google.com byl úspěšný.
Adresa: 142.251.36.78
Doba odezvy: 1 ms
TTL: 116

05.10.2024 15:25:12.866
Ping na google.com byl úspěšný.
Adresa: 142.251.36.78
Doba odezvy: 1 ms
TTL: 116

05.10.2024 15:25:13.879
Ping na google.com byl úspěšný.
Adresa: 142.251.36.78
Doba odezvy: 1 ms
TTL: 116

05.10.2024 15:25:14.898
Ping na google.com byl úspěšný.
Adresa: 142.251.36.78
Doba odezvy: 7 ms
TTL: 116

05.10.2024 15:25:15.915
Ping na google.com byl úspěšný.
Adresa: 142.251.36.78
Doba odezvy: 8 ms
TTL: 116

05.10.2024 15:25:16.928
Ping na google.com byl úspěšný.
Adresa: 142.251.36.78
Doba odezvy: 4 ms
TTL: 116

05.10.2024 15:25:17.941
Ping na google.com byl úspěšný.
Adresa: 142.251.36.78
Doba odezvy: 1 ms
TTL: 116

05.10.2024 15:25:18.952
Ping na google.com byl úspěšný.
Adresa: 142.251.36.78
Doba odezvy: 2 ms
TTL: 116

05.10.2024 15:25:19.970
Ping na google.com byl úspěšný.
Adresa: 142.251.36.78
Doba odezvy: 1 ms
TTL: 116

05.10.2024 15:25:20.987
Ping na google.com byl úspěšný.
Adresa: 142.251.36.78
Doba odezvy: 7 ms
TTL: 116

05.10.2024 15:25:21.995
Ping na google.com byl úspěšný.
Adresa: 142.251.36.78
Doba odezvy: 1 ms
TTL: 116

Test
05.10.2024 15:45:42.494
Ping na google.com byl úspěšný.
Adresa: 142.251.36.78
Doba odezvy: 2 ms
TTL: 116

05.10.2024 15:45:43.508
Ping na google.com byl úspěšný.
Adresa: 142.251.36.78
Doba odezvy: 1 ms
TTL: 116

05.10.2024 15:45:44.523
Ping na google.com byl úspěšný.
Adresa: 142.251.36.78
Doba odezvy: 1 ms
TTL: 116

05.10.2024 15:45:45.531
Ping na google.com byl úspěšný.
Adresa: 142.251.36.78
Doba odezvy: 1 ms
TTL: 116

05.10.2024 15:45:48.888
Ping na google.com byl úspěšný.
Adresa: 142.251.36.110
Doba odezvy: 4 ms
TTL: 116

05.10.2024 15:45:49.915
Ping na google.com byl úspěšný.
Adresa: 142.251.36.110
Doba odezvy: 22 ms
TTL: 116

05.10.2024 15:45:50.949
Ping na google.com byl úspěšný.
Adresa: 142.251.36.110
Doba odezvy: 26 ms
TTL: 116

05.10.2024 15:45:51.965
Ping na google.com byl úspěšný.
Adresa: 142.251.36.110
Doba odezvy: 2 ms
TTL: 116

05.10.2024 15:46:05.025
Ping na google.com byl úspěšný.
Adresa: 142.251.36.110
Doba odezvy: 3 ms
TTL: 116

05.10.2024 15:46:06.040
Ping na google.com byl úspěšný.
Adresa: 142.251.36.110
Doba odezvy: 2 ms
TTL: 116

05.10.2024 15:46:07.073
Ping na google.com byl úspěšný.
Adresa: 142.251.36.110
Doba odezvy: 26 ms
TTL: 116

05.10.2024 15:46:08.081
Ping na google.com byl úspěšný.
Adresa: 142.251.36.110
Doba odezvy: 2 ms
TTL: 116

05.10.2024 15:46:09.092
Ping na google.com byl úspěšný.
Adresa: 142.251.36.110
Doba odezvy: 4 ms
TTL: 116

05.10.2024 15:46:10.106
Ping na google.com byl úspěšný.
Adresa: 142.251.36.110
Doba odezvy: 2 ms
TTL: 116

05.10.2024 15:46:11.148
Ping na google.com byl úspěšný.
Adresa: 142.251.36.110
Doba odezvy: 34 ms
TTL: 116

05.10.2024 15:46:12.161
Ping na google.com byl úspěšný.
Adresa: 142.251.36.110
Doba odezvy: 2 ms
TTL: 116

05.10.2024 15:46:13.176
Ping na google.com byl úspěšný.
Adresa: 142.251.36.110
Doba odezvy: 3 ms
TTL: 116

05.10.2024 15:46:14.190
Ping na google.com byl úspěšný.
Adresa: 142.251.36.110
Doba odezvy: 2 ms
TTL: 116

05.10.2024 15:46:15.221
Ping na google.com byl úspěšný.
Adresa: 142.251.36.110
Doba odezvy: 17 ms
TTL: 116

05.10.2024 15:46:16.229
Ping na google.com byl úspěšný.
Adresa: 142.251.36.110
Doba odezvy: 3 ms
TTL: 116

05.10.2024 15:46:17.242
Ping na google.com byl úspěšný.
Adresa: 142.251.36.110
Doba odezvy: 3 ms
TTL: 116

05.10.2024 15:46:30.302
Ping na google.com byl úspěšný.
Adresa: 142.251.36.110
Doba odezvy: 2 ms
TTL: 116

05.10.2024 15:46:43.358
Ping na google.com byl úspěšný.
Adresa: 142.251.36.110
Doba odezvy: 2 ms
TTL: 116

05.10.2024 15:46:44.377
Ping na google.com byl úspěšný.
Adresa: 142.251.36.110
Doba odezvy: 2 ms
TTL: 116

05.10.2024 15:46:45.397
Ping na google.com byl úspěšný.
Adresa: 142.251.36.110
Doba odezvy: 2 ms
TTL: 116

05.10.2024 15:46:46.417
Ping na google.com byl úspěšný.
Adresa: 142.251.36.110
Doba odezvy: 4 ms
TTL: 116

05.10.2024 15:46:47.432
Ping na google.com byl úspěšný.
Adresa: 142.251.36.110
Doba odezvy: 5 ms
TTL: 116

05.10.2024 15:46:48.441
Ping na google.com byl úspěšný.
Adresa: 142.251.36.110
Doba odezvy: 2 ms
TTL: 116

05.10.2024 15:46:49.451
Ping na google.com byl úspěšný.
Adresa: 142.251.36.110
Doba odezvy: 2 ms
TTL: 116

05.10.2024 15:46:50.467
Ping na google.com byl úspěšný.
Adresa: 142.251.36.110
Doba odezvy: 2 ms
TTL: 116

05.10.2024 15:46:51.479
Ping na google.com byl úspěšný.
Adresa: 142.251.36.110
Doba odezvy: 2 ms
TTL: 116

05.10.2024 15:46:52.493
Ping na google.com byl úspěšný.
Adresa: 142.251.36.110
Doba odezvy: 2 ms
TTL: 116

05.10.2024 15:46:53.511
Ping na google.com byl úspěšný.
Adresa: 142.251.36.110
Doba odezvy: 3 ms
TTL: 116

05.10.2024 15:46:54.518
Ping na google.com byl úspěšný.
Adresa: 142.251.36.110
Doba odezvy: 2 ms
TTL: 116

05.10.2024 15:46:55.534
Ping na google.com byl úspěšný.
Adresa: 142.251.36.110
Doba odezvy: 3 ms
TTL: 116

05.10.2024 15:46:56.555
Ping na google.com byl úspěšný.
Adresa: 142.251.36.110
Doba odezvy: 14 ms
TTL: 116

05.10.2024 15:46:57.570
Ping na google.com byl úspěšný.
Adresa: 142.251.36.110
Doba odezvy: 2 ms
TTL: 116

05.10.2024 15:46:58.586
Ping na google.com byl úspěšný.
Adresa: 142.251.36.110
Doba odezvy: 1 ms
TTL: 116

05.10.2024 15:46:59.602
Ping na google.com byl úspěšný.
Adresa: 142.251.36.110
Doba odezvy: 1 ms
TTL: 116

