21.10.2024 18:55:25.289
Ping na google.com byl úspěšný.
Adresa: 142.251.36.110
Doba odezvy: 2 ms
TTL: 116

21.10.2024 18:55:26.301
Ping na google.com byl úspěšný.
Adresa: 142.251.36.110
Doba odezvy: 1 ms
TTL: 116

21.10.2024 18:55:45.378
Ping na google.com byl úspěšný.
Adresa: 142.251.36.110
Doba odezvy: 2 ms
TTL: 116

21.10.2024 18:55:46.403
Ping na google.com byl úspěšný.
Adresa: 142.251.36.110
Doba odezvy: 1 ms
TTL: 116

21.10.2024 18:55:47.417
Ping na google.com byl úspěšný.
Adresa: 142.251.36.110
Doba odezvy: 1 ms
TTL: 116

21.10.2024 18:55:48.423
Ping na google.com byl úspěšný.
Adresa: 142.251.36.110
Doba odezvy: 1 ms
TTL: 116

21.10.2024 18:55:49.436
Ping na google.com byl úspěšný.
Adresa: 142.251.36.110
Doba odezvy: 2 ms
TTL: 116

21.10.2024 18:55:50.447
Ping na google.com byl úspěšný.
Adresa: 142.251.36.110
Doba odezvy: 2 ms
TTL: 116

21.10.2024 18:55:51.460
Ping na google.com byl úspěšný.
Adresa: 142.251.36.110
Doba odezvy: 1 ms
TTL: 116

21.10.2024 18:55:55.739
Ping na google.com byl úspěšný.
Adresa: 142.251.36.110
Doba odezvy: 2 ms
TTL: 116

21.10.2024 18:55:56.757
Ping na google.com byl úspěšný.
Adresa: 142.251.36.110
Doba odezvy: 2 ms
TTL: 116

21.10.2024 18:55:57.772
Ping na google.com byl úspěšný.
Adresa: 142.251.36.110
Doba odezvy: 1 ms
TTL: 116

21.10.2024 18:56:02.622
Ping na google.com byl úspěšný.
Adresa: 142.251.36.110
Doba odezvy: 1 ms
TTL: 116

21.10.2024 18:56:03.686
Ping na google.com byl úspěšný.
Adresa: 142.251.36.110
Doba odezvy: 6 ms
TTL: 116

21.10.2024 18:56:04.755
Ping na google.com byl úspěšný.
Adresa: 142.251.36.110
Doba odezvy: 9 ms
TTL: 116

21.10.2024 18:56:05.808
Ping na google.com byl úspěšný.
Adresa: 142.251.36.110
Doba odezvy: 1 ms
TTL: 116

21.10.2024 18:56:06.869
Ping na google.com byl úspěšný.
Adresa: 142.251.36.110
Doba odezvy: 1 ms
TTL: 116

21.10.2024 18:56:07.931
Ping na google.com byl úspěšný.
Adresa: 142.251.36.110
Doba odezvy: 2 ms
TTL: 116

21.10.2024 18:57:08.812
Ping na google.com byl úspěšný.
Adresa: 142.251.36.110
Doba odezvy: 15 ms
TTL: 116

21.10.2024 18:57:14.194
Ping na google.com byl úspěšný.
Adresa: 142.251.36.110
Doba odezvy: 1 ms
TTL: 116

21.10.2024 18:57:15.247
Ping na google.com byl úspěšný.
Adresa: 142.251.36.110
Doba odezvy: 1 ms
TTL: 116

21.10.2024 18:57:16.308
Ping na google.com byl úspěšný.
Adresa: 142.251.36.110
Doba odezvy: 1 ms
TTL: 116

21.10.2024 18:57:17.368
Ping na google.com byl úspěšný.
Adresa: 142.251.36.110
Doba odezvy: 2 ms
TTL: 116

21.10.2024 18:57:18.428
Ping na google.com byl úspěšný.
Adresa: 142.251.36.110
Doba odezvy: 2 ms
TTL: 116

21.10.2024 18:57:19.487
Ping na google.com byl úspěšný.
Adresa: 142.251.36.110
Doba odezvy: 2 ms
TTL: 116

21.10.2024 18:57:20.556
Ping na google.com byl úspěšný.
Adresa: 142.251.36.110
Doba odezvy: 8 ms
TTL: 116

21.10.2024 18:57:21.618
Ping na google.com byl úspěšný.
Adresa: 142.251.36.110
Doba odezvy: 1 ms
TTL: 116

21.10.2024 18:57:22.674
Ping na google.com byl úspěšný.
Adresa: 142.251.36.110
Doba odezvy: 3 ms
TTL: 116

21.10.2024 18:57:23.736
Ping na google.com byl úspěšný.
Adresa: 142.251.36.110
Doba odezvy: 1 ms
TTL: 116

21.10.2024 18:57:24.806
Ping na google.com byl úspěšný.
Adresa: 142.251.36.110
Doba odezvy: 24 ms
TTL: 116

21.10.2024 18:57:25.865
Ping na google.com byl úspěšný.
Adresa: 142.251.36.110
Doba odezvy: 2 ms
TTL: 116

21.10.2024 18:57:26.914
Ping na google.com byl úspěšný.
Adresa: 142.251.36.110
Doba odezvy: 2 ms
TTL: 116

21.10.2024 18:57:51.151
Ping na google.com byl úspěšný.
Adresa: 142.251.36.110
Doba odezvy: 2 ms
TTL: 116

21.10.2024 18:57:52.234
Ping na google.com byl úspěšný.
Adresa: 142.251.36.110
Doba odezvy: 2 ms
TTL: 116

21.10.2024 18:58:05.349
Ping na google.com byl úspěšný.
Adresa: 142.251.36.110
Doba odezvy: 2 ms
TTL: 116

21.10.2024 18:58:06.385
Ping na google.com byl úspěšný.
Adresa: 142.251.36.110
Doba odezvy: 2 ms
TTL: 116

21.10.2024 18:58:07.420
Ping na google.com byl úspěšný.
Adresa: 142.251.36.110
Doba odezvy: 5 ms
TTL: 116

21.10.2024 18:58:08.462
Ping na google.com byl úspěšný.
Adresa: 142.251.36.110
Doba odezvy: 17 ms
TTL: 116

21.10.2024 18:58:09.508
Ping na google.com byl úspěšný.
Adresa: 142.251.36.110
Doba odezvy: 2 ms
TTL: 116

21.10.2024 18:58:10.536
Ping na google.com byl úspěšný.
Adresa: 142.251.36.110
Doba odezvy: 2 ms
TTL: 116

21.10.2024 18:58:11.560
Ping na google.com byl úspěšný.
Adresa: 142.251.36.110
Doba odezvy: 2 ms
TTL: 116

21.10.2024 18:58:12.594
Ping na google.com byl úspěšný.
Adresa: 142.251.36.110
Doba odezvy: 5 ms
TTL: 116

21.10.2024 18:58:13.618
Ping na google.com byl úspěšný.
Adresa: 142.251.36.110
Doba odezvy: 2 ms
TTL: 116

21.10.2024 18:58:14.643
Ping na google.com byl úspěšný.
Adresa: 142.251.36.110
Doba odezvy: 2 ms
TTL: 116

21.10.2024 18:58:15.673
Ping na google.com byl úspěšný.
Adresa: 142.251.36.110
Doba odezvy: 2 ms
TTL: 116

21.10.2024 18:58:16.714
Ping na google.com byl úspěšný.
Adresa: 142.251.36.110
Doba odezvy: 10 ms
TTL: 116

21.10.2024 18:58:17.747
Ping na google.com byl úspěšný.
Adresa: 142.251.36.110
Doba odezvy: 2 ms
TTL: 116

21.10.2024 18:58:18.770
Ping na google.com byl úspěšný.
Adresa: 142.251.36.110
Doba odezvy: 2 ms
TTL: 116

21.10.2024 19:00:16.629
Ping to google.com was succesful.
Adrress: 142.251.36.110
Ping (response time): 11 ms
TTL: 116

21.10.2024 19:00:17.641
Ping to google.com was succesful.
Adrress: 142.251.36.110
Ping (response time): 2 ms
TTL: 116

21.10.2024 19:00:23.042
Ping to google.com was succesful.
Adrress: 142.251.36.110
Ping (response time): 1 ms
TTL: 116

21.10.2024 19:00:24.061
Ping to google.com was succesful.
Adrress: 142.251.36.110
Ping (response time): 2 ms
TTL: 116

21.10.2024 19:00:25.076
Ping to google.com was succesful.
Adrress: 142.251.36.110
Ping (response time): 2 ms
TTL: 116

